<?xml version="1.0" encoding="UTF-8"?>
<!-- Generated by org.testng.reporters.JUnitReportReporter -->
<testsuite hostname="vivobook-asuslaptop-x512flc-x512fl" failures="0" tests="6" name="com.test.apollo6_Sanity.Testing" time="94.230" errors="0" timestamp="2024-01-05T15:38:43 IST" skipped="0">
  <testcase classname="com.test.apollo6_Sanity.Testing" name="login" time="7.652"/>
  <system-out/>
  <testcase classname="com.test.apollo6_Sanity.Testing" name="series_set" time="15.492"/>
  <system-out/>
  <testcase classname="com.test.apollo6_Sanity.Testing" name="HD" time="18.949"/>
  <system-out/>
  <testcase classname="com.test.apollo6_Sanity.Testing" name="Atlas_Editor" time="17.125"/>
  <system-out/>
  <testcase classname="com.test.apollo6_Sanity.Testing" name="Cell_annotation" time="16.924"/>
  <system-out/>
  <testcase classname="com.test.apollo6_Sanity.Testing" name="Manual_Registration" time="18.088"/>
  <system-out/>
</testsuite> <!-- com.test.apollo6_Sanity.Testing -->
