<?xml version="1.0" encoding="UTF-8"?>
<!-- Generated by org.testng.reporters.JUnitReportReporter -->
<testsuite hostname="vivobook-asuslaptop-x512flc-x512fl" failures="0" tests="6" name="com.test.apollo6_Sanity.Testing" time="174.321" errors="0" timestamp="2024-02-26T09:41:13 IST" skipped="0">
  <testcase classname="com.test.apollo6_Sanity.Testing" name="login" time="9.106"/>
  <system-out/>
  <testcase classname="com.test.apollo6_Sanity.Testing" name="series_set" time="17.817"/>
  <system-out/>
  <testcase classname="com.test.apollo6_Sanity.Testing" name="HD" time="80.738"/>
  <system-out/>
  <testcase classname="com.test.apollo6_Sanity.Testing" name="Atlas_Editor" time="15.632"/>
  <system-out/>
  <testcase classname="com.test.apollo6_Sanity.Testing" name="Cell_annotation" time="30.936"/>
  <system-out/>
  <testcase classname="com.test.apollo6_Sanity.Testing" name="Manual_Registration" time="20.092"/>
  <system-out/>
</testsuite> <!-- com.test.apollo6_Sanity.Testing -->
